Checking future puzzles...
node check_future_puzzles.js
Current date: 2026-02-18
Current puzzle index: 212
Total puzzles: 284

=== PUZZLE 212 (Future) ===
Rows: 2005, 2011, Ends with ION, Oscar Winners
Cols: Disasters, Family-Friendly Stories, Prequels, Thriller Films
Quality score: 13.61 🟢

✅ VALID

=== PUZZLE 213 (Future) ===
Rows: 15th Century, 19th Century, Roman Republic, Song Dynasty
Cols: Battles, Military Leaders, Wars, Weapons
Quality score: 12.88 🟢

✅ VALID

=== PUZZLE 214 (Future) ===
Rows: 18th Century, American Civil War, The Gunpowder Plot, Things Greek
Cols: Famous Quotes, National Leaders, Place Names, Starts with THE
Quality score: 12.80 🟢

✅ VALID

=== PUZZLE 215 (Future) ===
Rows: 1994, Children's Stories, Ends with ITE, Things That Fly
Cols: Herbivores, Movies, Omnivores, Women
Quality score: 8.19 🟡

✅ VALID

=== PUZZLE 216 (Future) ===
Rows: 1980s, Adventure Stories, Things Korean, Things Swedish
Cols: Cars, Countries, People, Thriller Stories
Quality score: 7.70 🟡
⚠️ Shares 1 word with previous day: Parasite

✅ VALID

=== PUZZLE 217 (Future) ===
Rows: 1970s, 1992, Ends with NCE, Movies featuring Hugh Jackman
Cols: Fantasy Stories, Music, Romance Stories, Sequels
Quality score: 9.58 🟡

✅ VALID

=== PUZZLE 218 (Future) ===
Rows: 1940s, Black Things, Predators, Real People
Cols: Ends with TOR, Fastest of its Type, Pleistocene Epoch, Supervillains
Quality score: 13.02 🟢

✅ VALID

=== PUZZLE 219 (Future) ===
Rows: 16th Century, Ends with ATE, Largest of its Type, Things Turkish
Cols: Buildings, Drama Stories, Neogene Period, Things Roman
Quality score: 9.45 🟡
⚠️ Shares 1 word with previous day: Drake

✅ VALID

=== PUZZLE 220 (Future) ===
Rows: 1810s, Islands, Roman Empire, Things German
Cols: Cities in Europe, Events, Monarchs, Things Spanish
Quality score: 9.55 🟡

✅ VALID

=== PUZZLE 221 (Future) ===
Rows: 2004, 2006, Best Picture Winners, Stories about Families
Cols: Musical Films, Sci-fi Stories, Second in Internal Chronology, Third in Internal Chronology
Quality score: 14.00 🟢

✅ VALID

=== PUZZLE 222 (Future) ===
Rows: 2018, 2019, Books, First in Internal Chronology
Cols: Cruise Ships, Period Stories, Stories Where the Mom Dies, Time Travel Stories
Quality score: 16.09 🟢

✅ VALID

=== PUZZLE 223 (Future) ===
Rows: 2000s, G7 Countries, National Capitals, Volcanic Eruptions
Cols: Locations in Asia, Locations in North America, Things French, Things Italian
Quality score: 11.96 🟡

✅ VALID

=== PUZZLE 224 (Future) ===
Rows: 1995, Comedy Stories, Second in Release Order, Third in Release Order
Cols: Action Stories, Men, Movies featuring Al Pacino, Movies featuring Alan Rickman
Quality score: 15.76 🟢

✅ VALID

=== PUZZLE 225 (Future) ===
Rows: 1960s, 1990s, Ends with MEN, First in Release Order
Cols: Family Sagas, Fictional People, Trios, Western Stories
Quality score: 12.11 🟢
⚠️ Shares 1 word with previous day: The Godfather Part III

✅ VALID

=== PUZZLE 226 (Future) ===
Rows: 1930s, 1986, Starts with HER, Video Games
Cols: Disasters, Family-Friendly Stories, Horror Stories, Things Chinese
Quality score: 9.53 🟡

✅ VALID

=== PUZZLE 227 (Future) ===
Rows: 17th Century, 1870s, Things British, Things Iranian
Cols: Military Leaders, Religious Figures, Scientists, Wars
Quality score: 13.83 🟢

✅ VALID

=== PUZZLE 228 (Future) ===
Rows: Assassination of Caesar, Napoleonic Wars, The Gunpowder Plot, Things Greek
Cols: Famous Quotes, Locations in Europe, National Leaders, Starts with THE
Quality score: 14.27 🟢

✅ VALID

=== PUZZLE 229 (Future) ===
Rows: 1950s, Exploration Ships, Modern Countries, Movies
Cols: Cities, Civilian Ships, Starts with CHA, Things That Fly
Quality score: 6.12 🟡

✅ VALID

=== PUZZLE 230 (Future) ===
Rows: 1980s, 1994, Adventure Stories, People
Cols: Animal Terms, Christmas Stories, Oscar Winners, Things Japanese
Quality score: 5.79 🔴

✅ VALID

=== PUZZLE 231 (Future) ===
Rows: 1860s, Greek Gods, Miocene Epoch, Saints
Cols: Ends with TER, Music, Place Names, Women
Quality score: 8.78 🟡

✅ VALID

=== PUZZLE 232 (Future) ===
Rows: 1920s, 1940s, Ends with ING, Things Russian
Cols: Classic Literature, Companies, Real People, Scientific Events
Quality score: 9.73 🟡

✅ VALID

=== PUZZLE 233 (Future) ===
Rows: 16th Century, Drama Stories, Foods, Royalty
Cols: 19th Century, Ming Dynasty, Shakespeare Characters, Things Turkish
Quality score: 12.12 🟢

✅ VALID

=== PUZZLE 234 (Future) ===
Rows: 1970s, 5th Century BC, Luxury Ships, Things Roman
Cols: Epic Stories, Events, Monarchs, Starts with CON
Quality score: 10.67 🟡

✅ VALID

=== PUZZLE 235 (Future) ===
Rows: 2003, 2012, Movies featuring Johnny Depp, Stories about Families
Cols: Crime Stories, Ends with LES, Romance Stories, Third in Internal Chronology
Quality score: 17.32 🟢

✅ VALID

=== PUZZLE 236 (Future) ===
Rows: 2011, 2019, Mentioned in We Didn't Start the Fire, Prequels
Cols: Books, Disney, Period Stories, Thriller Films
Quality score: 13.35 🟢

✅ VALID

=== PUZZLE 237 (Future) ===
Rows: 2000s, Islands, National Capitals, Republics
Cols: Cold War, Locations in Asia, Things French, Things Italian
Quality score: 5.06 🔴

✅ VALID

=== PUZZLE 238 (Future) ===
Rows: 1990, 2002, Men, Movies featuring Keanu Reeves
Cols: First in Internal Chronology, Movies featuring Al Pacino, Sci-fi Stories, Second in Release Order
Quality score: 17.80 🟢

✅ VALID

=== PUZZLE 239 (Future) ===
Rows: 2004, 2013, Fictional People, First in Release Order
Cols: 3D Animated Films, Action Stories, Best Picture Winners, Movies featuring Joaquin Phoenix
Quality score: 15.09 🟢

✅ VALID

=== PUZZLE 240 (Future) ===
Rows: 1930s, 1997, Second in Internal Chronology, Third in Release Order
Cols: Ends with ION, Horror Stories, Stories Where the Mom Dies, Things Chinese
Quality score: 12.34 🟢
⚠️ Shares 1 word with previous day: Batman

✅ VALID

=== PUZZLE 241 (Future) ===
Rows: 1960s, 1990s, Carnivores, Omnivores
Cols: Black and White, Fictional Animals, MLB Teams, Things British
Quality score: 9.05 🟡

✅ VALID

=== PUZZLE 242 (Future) ===
Rows: 17th Century, Han Dynasty, Roman Republic, The American Revolution
Cols: Literature Quotes, Military Leaders, National Leaders, Wars
Quality score: 14.93 🟢

✅ VALID

=== PUZZLE 243 (Future) ===
Rows: 2000, 2014, Fifth in Internal Chronology, Fourth in Release Order
Cols: Fantasy Stories, Movies featuring Bruce Willis, Starts with THE, Time Travel Stories
Quality score: 20.17 🟢

✅ VALID

=== PUZZLE 244 (Future) ===
Rows: 1981, Ends with ERS, Sequels, Trios
Cols: 2D Animated Films, Comedy Stories, People, Video Games
Quality score: 10.44 🟡

✅ VALID

=== PUZZLE 245 (Future) ===
Rows: 1910s, 2022, Cannibalism, World War II
Cols: Ends with TER, Military Conflicts, Oscar Winners, Things Japanese
Quality score: 11.47 🟡

✅ VALID

=== PUZZLE 246 (Future) ===
Rows: 1950s, Place Names, Plays, Things Greek
Cols: Classic Literature, Ends with ING, Sword and Sandals Stories, War Stories
Quality score: 11.00 🟡

✅ VALID

=== PUZZLE 247 (Future) ===
Rows: 16th Century, 18th Century, Napoleonic Wars, Roman Empire
Cols: Famous Quotes, Historical Sites, Ships, Things Spanish
Quality score: 11.41 🟡
⚠️ Shares 1 word with previous day: Waterloo

✅ VALID

=== PUZZLE 248 (Future) ===
Rows: 1920s, Companies, Ends with EAT, Trojan War
Cols: Cars, Cenozoic Era, Movies, Real People
Quality score: 8.10 🟡

✅ VALID

=== PUZZLE 249 (Future) ===
Rows: 1940s, Animal Species, Locations in North America, Things Korean
Cols: Car Brands, Countries, Musicians, Red Things
Quality score: 6.20 🟡

✅ VALID

=== PUZZLE 250 (Future) ===
Rows: 19th Century, Ends with NIA, Foods, Mentioned in We Didn't Start the Fire
Cols: Animal Terms, Drama Stories, Things German, Women
Quality score: 1.04 🔴

✅ VALID

=== PUZZLE 251 (Future) ===
Rows: 1970s, 2000s, Cities in North America, Locations in Europe
Cols: Cold War, Movies named after places, Saints, Things Canadian
Quality score: 9.57 🟡

✅ VALID

=== PUZZLE 252 (Future) ===
Rows: Assassination of JFK, Qing Dynasty, Things French, Things Roman
Cols: Books, Buildings, Cities, Men
Quality score: 9.01 🟡

✅ VALID

=== PUZZLE 253 (Future) ===
Rows: 1980s, Holocene Epoch, Islands, Mountains
Cols: Ends with RUS, Events, Locations in Asia, Things Italian
Quality score: 2.74 🔴

✅ VALID

=== PUZZLE 254 (Future) ===
Rows: 1930s, 1991, Adventure Stories, Ends with AND
Cols: Best Picture Winners, Disasters, Music, Sci-fi Stories
Quality score: 7.35 🟡

✅ VALID

=== PUZZLE 255 (Future) ===
Rows: 2007, 2009, Ends with LES, Second in Internal Chronology
Cols: Action Stories, Musical Films, Pixar, Things British
Quality score: 13.61 🟢

✅ VALID

=== PUZZLE 256 (Future) ===
Rows: 17th Century, Cities in USA, Shakespeare Characters, Things Chinese
Cols: Fictional People, Military Leaders, National Leaders, Romance Stories
Quality score: 6.89 🟡

✅ VALID

=== PUZZLE 257 (Future) ===
Rows: 1995, 2001, Fifth in Internal Chronology, Fourth in Internal Chronology
Cols: Blockbusters, Disney, Thriller Films, Time Travel Stories
Quality score: 21.65 🟢

✅ VALID

=== PUZZLE 258 (Future) ===
Rows: 1990, 2003, Horror Stories, Superheroes
Cols: Crime Stories, First in Internal Chronology, Sequels, Video Games
Quality score: 13.58 🟢

✅ VALID

=== PUZZLE 259 (Future) ===
Rows: 1960s, 2010, Movies featuring Sigourney Weaver, Prequels
Cols: Comedy Stories, Ends with ION, Oscar Winners, Stories Where the Mom Dies
Quality score: 13.23 🟢

✅ VALID

=== PUZZLE 260 (Future) ===
Rows: 1950s, 1990s, Movies featuring Al Pacino, Things Japanese
Cols: People, Period Stories, Stories about Families, Thriller Stories
Quality score: 6.62 🟡

✅ VALID

=== PUZZLE 261 (Future) ===
Rows: 2012, 2019, First in Release Order, Second in Release Order
Cols: Civilian Ships, Movies directed by Quentin Tarantino, Movies featuring Bruce Willis, Starts with THE
Quality score: 19.50 🟢
⚠️ Shares 1 word with previous day: Once Upon a Time in Hollywood

✅ VALID

=== PUZZLE 262 (Future) ===
Rows: 1920s, Ends with TER, Greek Mythology, Place Names
Cols: Classic Literature, Eocene Epoch, Movies, Real People
Quality score: 5.60 🔴

✅ VALID

=== PUZZLE 263 (Future) ===
Rows: 1940s, Car Brands, Red Things, Starts with PAN
Cols: Animal Species, Companies, Locations in North America, Things Korean
Quality score: 6.12 🟡

✅ VALID

=== PUZZLE 264 (Future) ===
Rows: 16th Century, Assassins, Foods, Monarchs
Cols: 19th Century, Shakespeare, Things Turkish, Women
Quality score: 10.94 🟡

✅ VALID

=== PUZZLE 265 (Future) ===
Rows: 1970s, Birds, Mammals, Mesozoic Era
Cols: Band Namesakes, Fastest of its Type, Fictional Animals, MLB Teams
Quality score: 16.42 🟢

✅ VALID

=== PUZZLE 266 (Future) ===
Rows: 1994, Black and White, Men, Starts with CAR
Cols: Books, Carnivores, Family-Friendly Stories, Omnivores
Quality score: 5.62 🔴

✅ VALID

=== PUZZLE 267 (Future) ===
Rows: 1900s, 1910s, Ends with INE, Things Spanish
Cols: Drama Stories, Mentioned in We Didn't Start the Fire, Things French, Wars
Quality score: 6.90 🟡

✅ VALID

=== PUZZLE 268 (Future) ===
Rows: 1980s, Adventure Stories, Things Russian, Trojan War
Cols: Locations in Asia, Locations in Europe, Real Animals, War Stories
Quality score: 7.23 🟡

✅ VALID

=== PUZZLE 269 (Future) ===
Rows: 1930s, Age of Sail, Cities, World War II
Cols: Events, Military Ships, Starts with FRA, Things That Fly
Quality score: 5.92 🔴
⚠️ Shares 1 word with previous day: Chernobyl

✅ VALID

=== PUZZLE 270 (Future) ===
Rows: 18th Century, Cities in North America, Ends with HER, Things British
Cols: Fictional People, Musicians, Romance Stories, Things German
Quality score: 4.27 🔴
⚠️ Shares 1 word with previous day: Phoenix

✅ VALID

=== PUZZLE 271 (Future) ===
Rows: 1810s, Han Dynasty, Roman Empire, Roman Republic
Cols: Famous Quotes, Historical Sites, Military Conflicts, Military Leaders
Quality score: 13.09 🟢

✅ VALID

=== PUZZLE 272 (Future) ===
Rows: 1997, 2004, Family Sagas, Sci-fi Stories
Cols: Best Picture Winners, Fantasy Stories, Sequels, Things Chinese
Quality score: 12.35 🟢

✅ VALID

=== PUZZLE 273 (Future) ===
Rows: 1988, 2011, Action Stories, First in Internal Chronology
Cols: Christmas Stories, Disney, Oscar Winners, Stories Where the Mom Dies
Quality score: 13.60 🟢
⚠️ Shares 2 words with previous day: The Godfather, Harry Potter and the Sorcerer's Stone

✅ VALID

=== PUZZLE 274 (Future) ===
Rows: 1960s, 1990s, Animal Terms, Ends with MAN
Cols: Black and White Films, Marvel Characters, Middle Eastern Countries, Weapons
Quality score: 9.61 🟡

✅ VALID

=== PUZZLE 275 (Future) ===
Rows: 1950s, 1983, Classic Films, Ends with MEN
Cols: Crime Stories, Music, Stories about Families, Things Roman
Quality score: 9.84 🟡

✅ VALID

=== PUZZLE 276 (Future) ===
Rows: 1989, 1990, Horror Stories, People
Cols: First in Release Order, Second in Release Order, Starts with THE, Things Japanese
Quality score: 11.15 🟡
⚠️ Shares 1 word with previous day: The Wizard of Oz

✅ VALID

=== PUZZLE 277 (Future) ===
Rows: Cenozoic Era, Qing Dynasty, Things Italian, Video Games
Cols: Ends with ION, Place Names, Real People, Red Things
Quality score: 6.78 🟡

✅ VALID

=== PUZZLE 278 (Future) ===
Rows: 2000s, 2013, Movies featuring James McAvoy, Second in Internal Chronology
Cols: 2D Animated Films, Movies featuring Bruce Willis, Prequels, Time Travel Stories
Quality score: 18.60 🟢

✅ VALID

=== PUZZLE 279 (Future) ===
Rows: 19th Century, 2nd Century, Shakespeare, Things Turkish
Cols: Assassins, Buildings, Great Conquerors, Things Greek
Quality score: 17.39 🟢

✅ VALID

=== PUZZLE 280 (Future) ===
Rows: 1940s, 1970s, Black Things, Starts with GRE
Cols: Animal Species, Fastest of its Type, Supervillains, Things Korean
Quality score: 12.88 🟢

✅ VALID

=== PUZZLE 281 (Future) ===
Rows: 1982, 2015, Third in Release Order, Women
Cols: Family-Friendly Stories, Men, Movies featuring Harrison Ford, Period Stories
Quality score: 17.34 🟢

✅ VALID

=== PUZZLE 282 (Future) ===
Rows: Black and White, Carboniferous Period, Fictional Animals, Mammals
Cols: Extinct Animals, Herbivores, Omnivores, Sea Creatures
Quality score: 9.55 🟡

✅ VALID

=== PUZZLE 283 (Future) ===
Rows: Disasters, Drinks, Foods, Republics
Cols: Drama Stories, Starts with CHA, Things Colombian, Things Portuguese
Quality score: 11.17 🟡

✅ VALID

Puzzle runway: 72 days remaining (through 2026-04-30)
Invalid future puzzles: 0
